Arguments: 
  C:\Program Files\nodejs\node.exe C:\Users\Zarif\AppData\Roaming\npm\node_modules\yarn\bin\yarn.js

PATH: 
  C:\WINDOWS\system32;C:\WINDOWS;C:\WINDOWS\System32\Wbem;C:\WINDOWS\System32\WindowsPowerShell\v1.0\;C:\WINDOWS\System32\OpenSSH\;C:\Program Files\Git\cmd;C:\xampp\php;C:\ProgramData\ComposerSetup\bin;C:\Program Files\nodejs\;C:\Users\Zarif\AppData\Local\Programs\Python\Python311\Scripts\;C:\Users\Zarif\AppData\Local\Programs\Python\Python311\;C:\Users\Zarif\scoop\shims;C:\Users\Zarif\AppData\Local\Programs\Python\Python37\Scripts\;C:\Users\Zarif\AppData\Local\Programs\Python\Python37\;C:\Users\Zarif\AppData\Local\Microsoft\WindowsApps;C:\Users\Zarif\AppData\Roaming\Composer\vendor\bin;F:\Programs\Microsoft VS Code\bin;C:\Users\Zarif\AppData\Roaming\npm;F:\PyCharm Community Edition 2023.1.1\bin;

Yarn version: 
  1.22.19

Node version: 
  18.15.0

Platform: 
  win32 x64

Trace: 
  Error: getaddrinfo ENOTFOUND registry.yarnpkg.com
      at GetAddrInfoReqWrap.onlookup [as oncomplete] (node:dns:107:26)

npm manifest: 
  {
    "main": "node_modules/expo/AppEntry.js",
    "scripts": {
      "start": "expo start",
      "android": "expo start --android",
      "ios": "expo start --ios",
      "web": "expo start --web"
    },
    "dependencies": {
      "expo": "~48.0.18",
      "expo-status-bar": "~1.4.4",
      "react": "18.2.0",
      "react-native": "0.71.8",
      "expo-constants": "~14.2.1",
      "@expo/vector-icons": "^13.0.0",
      "react-native-paper": "4.9.2"
    },
    "devDependencies": {
      "@babel/core": "^7.20.0"
    },
    "private": true
  }

yarn manifest: 
  No manifest

Lockfile: 
  No lockfile
